Making check in gsl
make[1]: Nothing to be done for `check'.
Making check in utils
make[1]: Nothing to be done for `check'.
Making check in sys
make  test
gcc -DHAVE_CONFIG_H -I. -I.. -I..    -g -O2 -MT test.o -MD -MP -MF .deps/test.Tpo -c -o test.o test.c
mv -f .deps/test.Tpo .deps/test.Po
/bin/sh ../libtool  --tag=CC   --mode=link gcc  -g -O2   -o test test.o libgslsys.la ../ieee-utils/libgslieeeutils.la ../err/libgslerr.la ../test/libgsltest.la libgslsys.la ../utils/libutils.la -lm 
libtool: link: gcc -g -O2 -o test test.o  ../ieee-utils/.libs/libgslieeeutils.a ../err/.libs/libgslerr.a ../test/.libs/libgsltest.a ./.libs/libgslsys.a ../utils/.libs/libutils.a -lm
make  check-TESTS
PASS: test
make[4]: Nothing to be done for `all'.
============================================================================
Testsuite summary for gsl 1.16
============================================================================
# TOTAL: 1
# PASS:  1
# SKIP:  0
# XFAIL: 0
# FAIL:  0
# XPASS: 0
# ERROR: 0
============================================================================
Making check in test
make[1]: Nothing to be done for `check'.
Making check in err
make  test
gcc -DHAVE_CONFIG_H -I. -I..     -g -O2 -MT test.o -MD -MP -MF .deps/test.Tpo -c -o test.o test.c
mv -f .deps/test.Tpo .deps/test.Po
/bin/sh ../libtool  --tag=CC   --mode=link gcc  -g -O2   -o test test.o libgslerr.la ../test/libgsltest.la ../sys/libgslsys.la ../utils/libutils.la -lm 
libtool: link: gcc -g -O2 -o test test.o  ./.libs/libgslerr.a ../test/.libs/libgsltest.a ../sys/.libs/libgslsys.a ../utils/.libs/libutils.a -lm
make  check-TESTS
PASS: test
make[4]: Nothing to be done for `all'.
============================================================================
Testsuite summary for gsl 1.16
============================================================================
# TOTAL: 1
# PASS:  1
# SKIP:  0
# XFAIL: 0
# FAIL:  0
# XPASS: 0
# ERROR: 0
============================================================================
Making check in const
make  test
gcc -DHAVE_CONFIG_H -I. -I.. -I..    -g -O2 -MT test.o -MD -MP -MF .deps/test.Tpo -c -o test.o test.c
mv -f .deps/test.Tpo .deps/test.Po
/bin/sh ../libtool  --tag=CC   --mode=link gcc  -g -O2   -o test test.o ../ieee-utils/libgslieeeutils.la  ../err/libgslerr.la ../test/libgsltest.la ../sys/libgslsys.la ../utils/libutils.la -lm 
libtool: link: gcc -g -O2 -o test test.o  ../ieee-utils/.libs/libgslieeeutils.a ../err/.libs/libgslerr.a ../test/.libs/libgsltest.a ../sys/.libs/libgslsys.a ../utils/.libs/libutils.a -lm
make  check-TESTS
PASS: test
make[4]: Nothing to be done for `all'.
============================================================================
Testsuite summary for gsl 1.16
============================================================================
# TOTAL: 1
# PASS:  1
# SKIP:  0
# XFAIL: 0
# FAIL:  0
# XPASS: 0
# ERROR: 0
============================================================================
Making check in complex
make  test
gcc -DHAVE_CONFIG_H -I. -I.. -I..    -g -O2 -MT test.o -MD -MP -MF .deps/test.Tpo -c -o test.o test.c
mv -f .deps/test.Tpo .deps/test.Po
/bin/sh ../libtool  --tag=CC   --mode=link gcc  -g -O2   -o test test.o libgslcomplex.la ../err/libgslerr.la ../ieee-utils/libgslieeeutils.la ../err/libgslerr.la ../test/libgsltest.la ../sys/libgslsys.la  ../utils/libutils.la -lm 
libtool: link: gcc -g -O2 -o test test.o  ./.libs/libgslcomplex.a ../ieee-utils/.libs/libgslieeeutils.a ../err/.libs/libgslerr.a ../test/.libs/libgsltest.a ../sys/.libs/libgslsys.a ../utils/.libs/libutils.a -lm
make  check-TESTS
PASS: test
make[4]: Nothing to be done for `all'.
============================================================================
Testsuite summary for gsl 1.16
============================================================================
# TOTAL: 1
# PASS:  1
# SKIP:  0
# XFAIL: 0
# FAIL:  0
# XPASS: 0
# ERROR: 0
============================================================================
Making check in cheb
make  test
gcc -DHAVE_CONFIG_H -I. -I.. -I..    -g -O2 -MT test.o -MD -MP -MF .deps/test.Tpo -c -o test.o test.c
mv -f .deps/test.Tpo .deps/test.Po
/bin/sh ../libtool  --tag=CC   --mode=link gcc  -g -O2   -o test test.o libgslcheb.la ../ieee-utils/libgslieeeutils.la ../test/libgsltest.la ../sys/libgslsys.la ../err/libgslerr.la ../utils/libutils.la -lm 
libtool: link: gcc -g -O2 -o test test.o  ./.libs/libgslcheb.a ../ieee-utils/.libs/libgslieeeutils.a ../test/.libs/libgsltest.a ../sys/.libs/libgslsys.a ../err/.libs/libgslerr.a ../utils/.libs/libutils.a -lm
make  check-TESTS
PASS: test
make[4]: Nothing to be done for `all'.
============================================================================
Testsuite summary for gsl 1.16
============================================================================
# TOTAL: 1
# PASS:  1
# SKIP:  0
# XFAIL: 0
# FAIL:  0
# XPASS: 0
# ERROR: 0
============================================================================
Making check in block
make  test
gcc -DHAVE_CONFIG_H -I. -I.. -I..    -g -O2 -MT test.o -MD -MP -MF .deps/test.Tpo -c -o test.o test.c
mv -f .deps/test.Tpo .deps/test.Po
/bin/sh ../libtool  --tag=CC   --mode=link gcc  -g -O2   -o test test.o libgslblock.la ../ieee-utils/libgslieeeutils.la ../err/libgslerr.la ../test/libgsltest.la ../sys/libgslsys.la ../utils/libutils.la -lm 
libtool: link: gcc -g -O2 -o test test.o  ./.libs/libgslblock.a ../ieee-utils/.libs/libgslieeeutils.a ../err/.libs/libgslerr.a ../test/.libs/libgsltest.a ../sys/.libs/libgslsys.a ../utils/.libs/libutils.a -lm
make  check-TESTS
PASS: test
make[4]: Nothing to be done for `all'.
============================================================================
Testsuite summary for gsl 1.16
============================================================================
# TOTAL: 1
# PASS:  1
# SKIP:  0
# XFAIL: 0
# FAIL:  0
# XPASS: 0
# ERROR: 0
============================================================================
Making check in vector
make  test test_static
gcc -DHAVE_CONFIG_H -I. -I.. -I..    -g -O2 -MT test.o -MD -MP -MF .deps/test.Tpo -c -o test.o test.c
mv -f .deps/test.Tpo .deps/test.Po
/bin/sh ../libtool  --tag=CC   --mode=link gcc  -g -O2   -o test test.o libgslvector.la ../block/libgslblock.la ../ieee-utils/libgslieeeutils.la ../err/libgslerr.la ../test/libgsltest.la ../sys/libgslsys.la ../utils/libutils.la -lm 
libtool: link: gcc -g -O2 -o test test.o  ./.libs/libgslvector.a ../block/.libs/libgslblock.a ../ieee-utils/.libs/libgslieeeutils.a ../err/.libs/libgslerr.a ../test/.libs/libgsltest.a ../sys/.libs/libgslsys.a ../utils/.libs/libutils.a -lm
gcc -DHAVE_CONFIG_H -I. -I.. -I..    -g -O2 -MT test_static.o -MD -MP -MF .deps/test_static.Tpo -c -o test_static.o test_static.c
mv -f .deps/test_static.Tpo .deps/test_static.Po
/bin/sh ../libtool  --tag=CC   --mode=link gcc  -g -O2   -o test_static test_static.o libgslvector.la ../block/libgslblock.la ../ieee-utils/libgslieeeutils.la ../err/libgslerr.la ../test/libgsltest.la ../sys/libgslsys.la ../utils/libutils.la -lm 
libtool: link: gcc -g -O2 -o test_static test_static.o  ./.libs/libgslvector.a ../block/.libs/libgslblock.a ../ieee-utils/.libs/libgslieeeutils.a ../err/.libs/libgslerr.a ../test/.libs/libgsltest.a ../sys/.libs/libgslsys.a ../utils/.libs/libutils.a -lm
make  check-TESTS
PASS: test
PASS: test_static
make[4]: Nothing to be done for `all'.
============================================================================
Testsuite summary for gsl 1.16
============================================================================
# TOTAL: 2
# PASS:  2
# SKIP:  0
# XFAIL: 0
# FAIL:  0
# XPASS: 0
# ERROR: 0
============================================================================
Making check in matrix
make  test test_static
gcc -DHAVE_CONFIG_H -I. -I.. -I..    -g -O2 -MT test.o -MD -MP -MF .deps/test.Tpo -c -o test.o test.c
mv -f .deps/test.Tpo .deps/test.Po
/bin/sh ../libtool  --tag=CC   --mode=link gcc  -g -O2   -o test test.o libgslmatrix.la ../vector/libgslvector.la ../block/libgslblock.la ../ieee-utils/libgslieeeutils.la  ../err/libgslerr.la ../test/libgsltest.la ../sys/libgslsys.la ../utils/libutils.la -lm 
libtool: link: gcc -g -O2 -o test test.o  ./.libs/libgslmatrix.a ../vector/.libs/libgslvector.a ../block/.libs/libgslblock.a ../ieee-utils/.libs/libgslieeeutils.a ../err/.libs/libgslerr.a ../test/.libs/libgsltest.a ../sys/.libs/libgslsys.a ../utils/.libs/libutils.a -lm
gcc -DHAVE_CONFIG_H -I. -I.. -I..    -g -O2 -MT test_static.o -MD -MP -MF .deps/test_static.Tpo -c -o test_static.o test_static.c
mv -f .deps/test_static.Tpo .deps/test_static.Po
/bin/sh ../libtool  --tag=CC   --mode=link gcc  -g -O2   -o test_static test_static.o libgslmatrix.la ../vector/libgslvector.la ../block/libgslblock.la ../ieee-utils/libgslieeeutils.la  ../err/libgslerr.la ../test/libgsltest.la ../sys/libgslsys.la ../utils/libutils.la -lm 
libtool: link: gcc -g -O2 -o test_static test_static.o  ./.libs/libgslmatrix.a ../vector/.libs/libgslvector.a ../block/.libs/libgslblock.a ../ieee-utils/.libs/libgslieeeutils.a ../err/.libs/libgslerr.a ../test/.libs/libgsltest.a ../sys/.libs/libgslsys.a ../utils/.libs/libutils.a -lm
make  check-TESTS
PASS: test
PASS: test_static
make[4]: Nothing to be done for `all'.
============================================================================
Testsuite summary for gsl 1.16
============================================================================
# TOTAL: 2
# PASS:  2
# SKIP:  0
# XFAIL: 0
# FAIL:  0
# XPASS: 0
# ERROR: 0
============================================================================
Making check in permutation
make  test
gcc -DHAVE_CONFIG_H -I. -I.. -I..    -g -O2 -MT test.o -MD -MP -MF .deps/test.Tpo -c -o test.o test.c
mv -f .deps/test.Tpo .deps/test.Po
/bin/sh ../libtool  --tag=CC   --mode=link gcc  -g -O2   -o test test.o libgslpermutation.la ../vector/libgslvector.la ../block/libgslblock.la ../ieee-utils/libgslieeeutils.la ../err/libgslerr.la ../test/libgsltest.la ../sys/libgslsys.la ../utils/libutils.la -lm 
libtool: link: gcc -g -O2 -o test test.o  ./.libs/libgslpermutation.a ../vector/.libs/libgslvector.a ../block/.libs/libgslblock.a ../ieee-utils/.libs/libgslieeeutils.a ../err/.libs/libgslerr.a ../test/.libs/libgsltest.a ../sys/.libs/libgslsys.a ../utils/.libs/libutils.a -lm
make  check-TESTS
PASS: test
make[4]: Nothing to be done for `all'.
============================================================================
Testsuite summary for gsl 1.16
============================================================================
# TOTAL: 1
# PASS:  1
# SKIP:  0
# XFAIL: 0
# FAIL:  0
# XPASS: 0
# ERROR: 0
============================================================================
Making check in combination
make  test
gcc -DHAVE_CONFIG_H -I. -I.. -I..    -g -O2 -MT test.o -MD -MP -MF .deps/test.Tpo -c -o test.o test.c
mv -f .deps/test.Tpo .deps/test.Po
/bin/sh ../libtool  --tag=CC   --mode=link gcc  -g -O2   -o test test.o libgslcombination.la ../vector/libgslvector.la  ../block/libgslblock.la ../ieee-utils/libgslieeeutils.la ../err/libgslerr.la ../test/libgsltest.la ../sys/libgslsys.la ../utils/libutils.la -lm 
libtool: link: gcc -g -O2 -o test test.o  ./.libs/libgslcombination.a ../vector/.libs/libgslvector.a ../block/.libs/libgslblock.a ../ieee-utils/.libs/libgslieeeutils.a ../err/.libs/libgslerr.a ../test/.libs/libgsltest.a ../sys/.libs/libgslsys.a ../utils/.libs/libutils.a -lm
make  check-TESTS
PASS: test
make[4]: Nothing to be done for `all'.
============================================================================
Testsuite summary for gsl 1.16
============================================================================
# TOTAL: 1
# PASS:  1
# SKIP:  0
# XFAIL: 0
# FAIL:  0
# XPASS: 0
# ERROR: 0
============================================================================
Making check in multiset
make  test
gcc -DHAVE_CONFIG_H -I. -I.. -I..    -g -O2 -MT test.o -MD -MP -MF .deps/test.Tpo -c -o test.o test.c
mv -f .deps/test.Tpo .deps/test.Po
/bin/sh ../libtool  --tag=CC   --mode=link gcc  -g -O2   -o test test.o libgslmultiset.la ../vector/libgslvector.la  ../block/libgslblock.la ../ieee-utils/libgslieeeutils.la ../err/libgslerr.la ../test/libgsltest.la ../sys/libgslsys.la ../utils/libutils.la -lm 
libtool: link: gcc -g -O2 -o test test.o  ./.libs/libgslmultiset.a ../vector/.libs/libgslvector.a ../block/.libs/libgslblock.a ../ieee-utils/.libs/libgslieeeutils.a ../err/.libs/libgslerr.a ../test/.libs/libgsltest.a ../sys/.libs/libgslsys.a ../utils/.libs/libutils.a -lm
make  check-TESTS
PASS: test
make[4]: Nothing to be done for `all'.
============================================================================
Testsuite summary for gsl 1.16
============================================================================
# TOTAL: 1
# PASS:  1
# SKIP:  0
# XFAIL: 0
# FAIL:  0
# XPASS: 0
# ERROR: 0
============================================================================
Making check in sort
make  test
gcc -DHAVE_CONFIG_H -I. -I.. -I..    -g -O2 -MT test.o -MD -MP -MF .deps/test.Tpo -c -o test.o test.c
mv -f .deps/test.Tpo .deps/test.Po
/bin/sh ../libtool  --tag=CC   --mode=link gcc  -g -O2   -o test test.o libgslsort.la ../permutation/libgslpermutation.la ../vector/libgslvector.la ../block/libgslblock.la ../ieee-utils/libgslieeeutils.la ../err/libgslerr.la ../test/libgsltest.la ../sys/libgslsys.la -lm 
libtool: link: gcc -g -O2 -o test test.o  ./.libs/libgslsort.a ../permutation/.libs/libgslpermutation.a ../vector/.libs/libgslvector.a ../block/.libs/libgslblock.a ../ieee-utils/.libs/libgslieeeutils.a ../err/.libs/libgslerr.a ../test/.libs/libgsltest.a ../sys/.libs/libgslsys.a -lm
make  check-TESTS
PASS: test
make[4]: Nothing to be done for `all'.
============================================================================
Testsuite summary for gsl 1.16
============================================================================
# TOTAL: 1
# PASS:  1
# SKIP:  0
# XFAIL: 0
# FAIL:  0
# XPASS: 0
# ERROR: 0
============================================================================
Making check in ieee-utils
make  test
gcc -DHAVE_CONFIG_H -I. -I.. -I..    -g -O2 -MT test.o -MD -MP -MF .deps/test.Tpo -c -o test.o test.c
mv -f .deps/test.Tpo .deps/test.Po
/bin/sh ../libtool  --tag=CC   --mode=link gcc  -g -O2   -o test test.o libgslieeeutils.la ../err/libgslerr.la ../test/libgsltest.la ../sys/libgslsys.la ../utils/libutils.la -lm 
libtool: link: gcc -g -O2 -o test test.o  ./.libs/libgslieeeutils.a ../err/.libs/libgslerr.a ../test/.libs/libgsltest.a ../sys/.libs/libgslsys.a ../utils/.libs/libutils.a -lm
make  check-TESTS
PASS: test
make[4]: Nothing to be done for `all'.
============================================================================
Testsuite summary for gsl 1.16
============================================================================
# TOTAL: 1
# PASS:  1
# SKIP:  0
# XFAIL: 0
# FAIL:  0
# XPASS: 0
# ERROR: 0
============================================================================
Making check in cblas
make  test
gcc -DHAVE_CONFIG_H -I. -I.. -I..    -g -O2 -MT test.o -MD -MP -MF .deps/test.Tpo -c -o test.o test.c
mv -f .deps/test.Tpo .deps/test.Po
gcc -DHAVE_CONFIG_H -I. -I.. -I..    -g -O2 -MT test_amax.o -MD -MP -MF .deps/test_amax.Tpo -c -o test_amax.o test_amax.c
mv -f .deps/test_amax.Tpo .deps/test_amax.Po
gcc -DHAVE_CONFIG_H -I. -I.. -I..    -g -O2 -MT test_asum.o -MD -MP -MF .deps/test_asum.Tpo -c -o test_asum.o test_asum.c
mv -f .deps/test_asum.Tpo .deps/test_asum.Po
gcc -DHAVE_CONFIG_H -I. -I.. -I..    -g -O2 -MT test_axpy.o -MD -MP -MF .deps/test_axpy.Tpo -c -o test_axpy.o test_axpy.c
mv -f .deps/test_axpy.Tpo .deps/test_axpy.Po
gcc -DHAVE_CONFIG_H -I. -I.. -I..    -g -O2 -MT test_copy.o -MD -MP -MF .deps/test_copy.Tpo -c -o test_copy.o test_copy.c
mv -f .deps/test_copy.Tpo .deps/test_copy.Po
gcc -DHAVE_CONFIG_H -I. -I.. -I..    -g -O2 -MT test_dot.o -MD -MP -MF .deps/test_dot.Tpo -c -o test_dot.o test_dot.c
mv -f .deps/test_dot.Tpo .deps/test_dot.Po
gcc -DHAVE_CONFIG_H -I. -I.. -I..    -g -O2 -MT test_gbmv.o -MD -MP -MF .deps/test_gbmv.Tpo -c -o test_gbmv.o test_gbmv.c
mv -f .deps/test_gbmv.Tpo .deps/test_gbmv.Po
gcc -DHAVE_CONFIG_H -I. -I.. -I..    -g -O2 -MT test_gemm.o -MD -MP -MF .deps/test_gemm.Tpo -c -o test_gemm.o test_gemm.c
mv -f .deps/test_gemm.Tpo .deps/test_gemm.Po
gcc -DHAVE_CONFIG_H -I. -I.. -I..    -g -O2 -MT test_gemv.o -MD -MP -MF .deps/test_gemv.Tpo -c -o test_gemv.o test_gemv.c
mv -f .deps/test_gemv.Tpo .deps/test_gemv.Po
gcc -DHAVE_CONFIG_H -I. -I.. -I..    -g -O2 -MT test_ger.o -MD -MP -MF .deps/test_ger.Tpo -c -o test_ger.o test_ger.c
mv -f .deps/test_ger.Tpo .deps/test_ger.Po
gcc -DHAVE_CONFIG_H -I. -I.. -I..    -g -O2 -MT test_hbmv.o -MD -MP -MF .deps/test_hbmv.Tpo -c -o test_hbmv.o test_hbmv.c
mv -f .deps/test_hbmv.Tpo .deps/test_hbmv.Po
gcc -DHAVE_CONFIG_H -I. -I.. -I..    -g -O2 -MT test_hemm.o -MD -MP -MF .deps/test_hemm.Tpo -c -o test_hemm.o test_hemm.c
mv -f .deps/test_hemm.Tpo .deps/test_hemm.Po
gcc -DHAVE_CONFIG_H -I. -I.. -I..    -g -O2 -MT test_hemv.o -MD -MP -MF .deps/test_hemv.Tpo -c -o test_hemv.o test_hemv.c
mv -f .deps/test_hemv.Tpo .deps/test_hemv.Po
gcc -DHAVE_CONFIG_H -I. -I.. -I..    -g -O2 -MT test_her.o -MD -MP -MF .deps/test_her.Tpo -c -o test_her.o test_her.c
mv -f .deps/test_her.Tpo .deps/test_her.Po
gcc -DHAVE_CONFIG_H -I. -I.. -I..    -g -O2 -MT test_her2.o -MD -MP -MF .deps/test_her2.Tpo -c -o test_her2.o test_her2.c
mv -f .deps/test_her2.Tpo .deps/test_her2.Po
gcc -DHAVE_CONFIG_H -I. -I.. -I..    -g -O2 -MT test_her2k.o -MD -MP -MF .deps/test_her2k.Tpo -c -o test_her2k.o test_her2k.c
mv -f .deps/test_her2k.Tpo .deps/test_her2k.Po
gcc -DHAVE_CONFIG_H -I. -I.. -I..    -g -O2 -MT test_herk.o -MD -MP -MF .deps/test_herk.Tpo -c -o test_herk.o test_herk.c
mv -f .deps/test_herk.Tpo .deps/test_herk.Po
gcc -DHAVE_CONFIG_H -I. -I.. -I..    -g -O2 -MT test_hpmv.o -MD -MP -MF .deps/test_hpmv.Tpo -c -o test_hpmv.o test_hpmv.c
mv -f .deps/test_hpmv.Tpo .deps/test_hpmv.Po
gcc -DHAVE_CONFIG_H -I. -I.. -I..    -g -O2 -MT test_hpr.o -MD -MP -MF .deps/test_hpr.Tpo -c -o test_hpr.o test_hpr.c
mv -f .deps/test_hpr.Tpo .deps/test_hpr.Po
gcc -DHAVE_CONFIG_H -I. -I.. -I..    -g -O2 -MT test_hpr2.o -MD -MP -MF .deps/test_hpr2.Tpo -c -o test_hpr2.o test_hpr2.c
mv -f .deps/test_hpr2.Tpo .deps/test_hpr2.Po
gcc -DHAVE_CONFIG_H -I. -I.. -I..    -g -O2 -MT test_nrm2.o -MD -MP -MF .deps/test_nrm2.Tpo -c -o test_nrm2.o test_nrm2.c
mv -f .deps/test_nrm2.Tpo .deps/test_nrm2.Po
gcc -DHAVE_CONFIG_H -I. -I.. -I..    -g -O2 -MT test_rot.o -MD -MP -MF .deps/test_rot.Tpo -c -o test_rot.o test_rot.c
mv -f .deps/test_rot.Tpo .deps/test_rot.Po
gcc -DHAVE_CONFIG_H -I. -I.. -I..    -g -O2 -MT test_rotg.o -MD -MP -MF .deps/test_rotg.Tpo -c -o test_rotg.o test_rotg.c
mv -f .deps/test_rotg.Tpo .deps/test_rotg.Po
gcc -DHAVE_CONFIG_H -I. -I.. -I..    -g -O2 -MT test_rotm.o -MD -MP -MF .deps/test_rotm.Tpo -c -o test_rotm.o test_rotm.c
mv -f .deps/test_rotm.Tpo .deps/test_rotm.Po
gcc -DHAVE_CONFIG_H -I. -I.. -I..    -g -O2 -MT test_rotmg.o -MD -MP -MF .deps/test_rotmg.Tpo -c -o test_rotmg.o test_rotmg.c
mv -f .deps/test_rotmg.Tpo .deps/test_rotmg.Po
gcc -DHAVE_CONFIG_H -I. -I.. -I..    -g -O2 -MT test_sbmv.o -MD -MP -MF .deps/test_sbmv.Tpo -c -o test_sbmv.o test_sbmv.c
mv -f .deps/test_sbmv.Tpo .deps/test_sbmv.Po
gcc -DHAVE_CONFIG_H -I. -I.. -I..    -g -O2 -MT test_scal.o -MD -MP -MF .deps/test_scal.Tpo -c -o test_scal.o test_scal.c
mv -f .deps/test_scal.Tpo .deps/test_scal.Po
gcc -DHAVE_CONFIG_H -I. -I.. -I..    -g -O2 -MT test_spmv.o -MD -MP -MF .deps/test_spmv.Tpo -c -o test_spmv.o test_spmv.c
mv -f .deps/test_spmv.Tpo .deps/test_spmv.Po
gcc -DHAVE_CONFIG_H -I. -I.. -I..    -g -O2 -MT test_spr.o -MD -MP -MF .deps/test_spr.Tpo -c -o test_spr.o test_spr.c
mv -f .deps/test_spr.Tpo .deps/test_spr.Po
gcc -DHAVE_CONFIG_H -I. -I.. -I..    -g -O2 -MT test_spr2.o -MD -MP -MF .deps/test_spr2.Tpo -c -o test_spr2.o test_spr2.c
mv -f .deps/test_spr2.Tpo .deps/test_spr2.Po
gcc -DHAVE_CONFIG_H -I. -I.. -I..    -g -O2 -MT test_swap.o -MD -MP -MF .deps/test_swap.Tpo -c -o test_swap.o test_swap.c
mv -f .deps/test_swap.Tpo .deps/test_swap.Po
gcc -DHAVE_CONFIG_H -I. -I.. -I..    -g -O2 -MT test_symm.o -MD -MP -MF .deps/test_symm.Tpo -c -o test_symm.o test_symm.c
mv -f .deps/test_symm.Tpo .deps/test_symm.Po
gcc -DHAVE_CONFIG_H -I. -I.. -I..    -g -O2 -MT test_symv.o -MD -MP -MF .deps/test_symv.Tpo -c -o test_symv.o test_symv.c
mv -f .deps/test_symv.Tpo .deps/test_symv.Po
gcc -DHAVE_CONFIG_H -I. -I.. -I..    -g -O2 -MT test_syr.o -MD -MP -MF .deps/test_syr.Tpo -c -o test_syr.o test_syr.c
mv -f .deps/test_syr.Tpo .deps/test_syr.Po
gcc -DHAVE_CONFIG_H -I. -I.. -I..    -g -O2 -MT test_syr2.o -MD -MP -MF .deps/test_syr2.Tpo -c -o test_syr2.o test_syr2.c
mv -f .deps/test_syr2.Tpo .deps/test_syr2.Po
gcc -DHAVE_CONFIG_H -I. -I.. -I..    -g -O2 -MT test_syr2k.o -MD -MP -MF .deps/test_syr2k.Tpo -c -o test_syr2k.o test_syr2k.c
mv -f .deps/test_syr2k.Tpo .deps/test_syr2k.Po
gcc -DHAVE_CONFIG_H -I. -I.. -I..    -g -O2 -MT test_syrk.o -MD -MP -MF .deps/test_syrk.Tpo -c -o test_syrk.o test_syrk.c
mv -f .deps/test_syrk.Tpo .deps/test_syrk.Po
gcc -DHAVE_CONFIG_H -I. -I.. -I..    -g -O2 -MT test_tbmv.o -MD -MP -MF .deps/test_tbmv.Tpo -c -o test_tbmv.o test_tbmv.c
mv -f .deps/test_tbmv.Tpo .deps/test_tbmv.Po
gcc -DHAVE_CONFIG_H -I. -I.. -I..    -g -O2 -MT test_tbsv.o -MD -MP -MF .deps/test_tbsv.Tpo -c -o test_tbsv.o test_tbsv.c
mv -f .deps/test_tbsv.Tpo .deps/test_tbsv.Po
gcc -DHAVE_CONFIG_H -I. -I.. -I..    -g -O2 -MT test_tpmv.o -MD -MP -MF .deps/test_tpmv.Tpo -c -o test_tpmv.o test_tpmv.c
mv -f .deps/test_tpmv.Tpo .deps/test_tpmv.Po
gcc -DHAVE_CONFIG_H -I. -I.. -I..    -g -O2 -MT test_tpsv.o -MD -MP -MF .deps/test_tpsv.Tpo -c -o test_tpsv.o test_tpsv.c
mv -f .deps/test_tpsv.Tpo .deps/test_tpsv.Po
gcc -DHAVE_CONFIG_H -I. -I.. -I..    -g -O2 -MT test_trmm.o -MD -MP -MF .deps/test_trmm.Tpo -c -o test_trmm.o test_trmm.c
mv -f .deps/test_trmm.Tpo .deps/test_trmm.Po
gcc -DHAVE_CONFIG_H -I. -I.. -I..    -g -O2 -MT test_trmv.o -MD -MP -MF .deps/test_trmv.Tpo -c -o test_trmv.o test_trmv.c
mv -f .deps/test_trmv.Tpo .deps/test_trmv.Po
gcc -DHAVE_CONFIG_H -I. -I.. -I..    -g -O2 -MT test_trsm.o -MD -MP -MF .deps/test_trsm.Tpo -c -o test_trsm.o test_trsm.c
mv -f .deps/test_trsm.Tpo .deps/test_trsm.Po
gcc -DHAVE_CONFIG_H -I. -I.. -I..    -g -O2 -MT test_trsv.o -MD -MP -MF .deps/test_trsv.Tpo -c -o test_trsv.o test_trsv.c
mv -f .deps/test_trsv.Tpo .deps/test_trsv.Po
/bin/sh ../libtool  --tag=CC   --mode=link gcc  -g -O2   -o test test.o test_amax.o test_asum.o test_axpy.o test_copy.o test_dot.o test_gbmv.o test_gemm.o test_gemv.o test_ger.o test_hbmv.o test_hemm.o test_hemv.o test_her.o test_her2.o test_her2k.o test_herk.o test_hpmv.o test_hpr.o test_hpr2.o test_nrm2.o test_rot.o test_rotg.o test_rotm.o test_rotmg.o test_sbmv.o test_scal.o test_spmv.o test_spr.o test_spr2.o test_swap.o test_symm.o test_symv.o test_syr.o test_syr2.o test_syr2k.o test_syrk.o test_tbmv.o test_tbsv.o test_tpmv.o test_tpsv.o test_trmm.o test_trmv.o test_trsm.o test_trsv.o libgslcblas.la ../ieee-utils/libgslieeeutils.la ../err/libgslerr.la ../test/libgsltest.la ../sys/libgslsys.la -lm 
libtool: link: gcc -g -O2 -o .libs/test test.o test_amax.o test_asum.o test_axpy.o test_copy.o test_dot.o test_gbmv.o test_gemm.o test_gemv.o test_ger.o test_hbmv.o test_hemm.o test_hemv.o test_her.o test_her2.o test_her2k.o test_herk.o test_hpmv.o test_hpr.o test_hpr2.o test_nrm2.o test_rot.o test_rotg.o test_rotm.o test_rotmg.o test_sbmv.o test_scal.o test_spmv.o test_spr.o test_spr2.o test_swap.o test_symm.o test_symv.o test_syr.o test_syr2.o test_syr2k.o test_syrk.o test_tbmv.o test_tbsv.o test_tpmv.o test_tpsv.o test_trmm.o test_trmv.o test_trsm.o test_trsv.o  ./.libs/libgslcblas.dylib ../ieee-utils/.libs/libgslieeeutils.a ../err/.libs/libgslerr.a ../test/.libs/libgsltest.a ../sys/.libs/libgslsys.a -lm
make  check-TESTS
PASS: test
make[4]: Nothing to be done for `all'.
============================================================================
Testsuite summary for gsl 1.16
============================================================================
# TOTAL: 1
# PASS:  1
# SKIP:  0
# XFAIL: 0
# FAIL:  0
# XPASS: 0
# ERROR: 0
============================================================================
Making check in blas
make[1]: Nothing to be done for `check'.
Making check in linalg
make  test
gcc -DHAVE_CONFIG_H -I. -I.. -I..    -g -O2 -MT test.o -MD -MP -MF .deps/test.Tpo -c -o test.o test.c
mv -f .deps/test.Tpo .deps/test.Po
/bin/sh ../libtool  --tag=CC   --mode=link gcc  -g -O2   -o test test.o libgsllinalg.la ../blas/libgslblas.la ../cblas/libgslcblas.la ../permutation/libgslpermutation.la ../matrix/libgslmatrix.la ../vector/libgslvector.la ../block/libgslblock.la ../complex/libgslcomplex.la ../ieee-utils/libgslieeeutils.la ../err/libgslerr.la ../test/libgsltest.la ../sys/libgslsys.la ../utils/libutils.la -lm 
libtool: link: gcc -g -O2 -o .libs/test test.o  ./.libs/libgsllinalg.a ../blas/.libs/libgslblas.a ../cblas/.libs/libgslcblas.dylib ../permutation/.libs/libgslpermutation.a ../matrix/.libs/libgslmatrix.a ../vector/.libs/libgslvector.a ../block/.libs/libgslblock.a ../complex/.libs/libgslcomplex.a ../ieee-utils/.libs/libgslieeeutils.a ../err/.libs/libgslerr.a ../test/.libs/libgsltest.a ../sys/.libs/libgslsys.a ../utils/.libs/libutils.a -lm
make  check-TESTS
FAIL: test
make[4]: Nothing to be done for `all'.
============================================================================
Testsuite summary for gsl 1.16
============================================================================
# TOTAL: 1
# PASS:  0
# SKIP:  0
# XFAIL: 0
# FAIL:  1
# XPASS: 0
# ERROR: 0
============================================================================
See linalg/test-suite.log
============================================================================
make[3]: *** [test-suite.log] Error 1
make[2]: *** [check-TESTS] Error 2
make[1]: *** [check-am] Error 2
make: *** [check-recursive] Error 1
